TN:
SF:src\components\common\onboarding-steps.ts
FNF:0
FNH:0
DA:1,1
DA:2,1
DA:3,1
DA:4,1
DA:5,1
DA:6,1
DA:7,1
DA:8,1
DA:9,1
DA:10,1
DA:11,1
DA:12,1
DA:13,1
LF:13
LH:13
BRF:0
BRH:0
end_of_record
TN:
SF:src\components\wizard\wizard-progress.ts
FN:31,getStepState
FN:41,isStepClickable
FN:48,getProgressText
FN:55,getCurrentStepLabel
FN:63,getProgressPercent
FNF:5
FNH:5
FNDA:11,getStepState
FNDA:11,isStepClickable
FNDA:4,getProgressText
FNDA:4,getCurrentStepLabel
FNDA:10,getProgressPercent
DA:1,1
DA:2,1
DA:3,1
DA:4,1
DA:5,1
DA:6,1
DA:7,1
DA:8,1
DA:9,1
DA:10,1
DA:11,1
DA:12,1
DA:13,1
DA:14,1
DA:15,1
DA:16,1
DA:17,1
DA:18,1
DA:19,1
DA:20,1
DA:21,1
DA:22,1
DA:23,1
DA:24,1
DA:25,1
DA:26,1
DA:27,1
DA:28,1
DA:29,1
DA:30,1
DA:31,1
DA:32,11
DA:33,11
DA:34,2
DA:35,2
DA:36,1
DA:37,1
DA:38,1
DA:39,1
DA:40,1
DA:41,1
DA:42,11
DA:43,11
DA:44,1
DA:45,1
DA:46,1
DA:47,1
DA:48,1
DA:49,4
DA:50,4
DA:51,1
DA:52,1
DA:53,1
DA:54,1
DA:55,1
DA:56,4
DA:57,4
DA:58,4
DA:59,1
DA:60,1
DA:61,1
DA:62,1
DA:63,1
DA:64,10
DA:65,10
LF:65
LH:65
BRDA:31,0,0,11
BRDA:32,1,0,7
BRDA:32,2,0,4
BRDA:33,3,0,2
BRDA:41,4,0,11
BRDA:48,5,0,4
BRDA:55,6,0,4
BRDA:57,7,0,3
BRDA:57,8,0,1
BRDA:56,9,0,17
BRDA:63,10,0,10
BRF:11
BRH:11
end_of_record
TN:
SF:src\composables\useGenerationProgress.ts
FN:47,useGenerationProgress
FN:71,reset
FN:82,stopListening
FN:93,scheduleReconnect
FN:116,handleEvent
FN:147,startListening
FNF:6
FNH:6
FNDA:28,useGenerationProgress
FNDA:1,reset
FNDA:49,stopListening
FNDA:34,scheduleReconnect
FNDA:15,handleEvent
FNDA:45,startListening
DA:1,1
DA:2,1
DA:3,1
DA:4,1
DA:5,1
DA:6,1
DA:7,1
DA:8,1
DA:9,1
DA:10,1
DA:11,1
DA:12,1
DA:13,1
DA:14,1
DA:15,1
DA:16,1
DA:17,1
DA:18,1
DA:19,1
DA:20,1
DA:21,1
DA:22,1
DA:23,1
DA:24,1
DA:25,1
DA:26,1
DA:27,1
DA:28,1
DA:29,1
DA:30,1
DA:31,1
DA:32,1
DA:33,1
DA:34,1
DA:35,1
DA:36,1
DA:37,1
DA:38,1
DA:39,1
DA:40,1
DA:41,1
DA:42,1
DA:43,1
DA:44,1
DA:45,1
DA:46,1
DA:47,1
DA:48,28
DA:49,28
DA:50,28
DA:51,28
DA:52,28
DA:53,28
DA:54,28
DA:55,28
DA:56,28
DA:57,28
DA:58,28
DA:59,28
DA:60,28
DA:61,28
DA:62,28
DA:63,4
DA:64,3
DA:65,3
DA:66,28
DA:67,28
DA:68,28
DA:69,28
DA:70,28
DA:71,28
DA:72,1
DA:73,1
DA:74,1
DA:75,1
DA:76,1
DA:77,1
DA:78,1
DA:79,1
DA:80,1
DA:81,28
DA:82,28
DA:83,49
DA:84,1
DA:85,1
DA:86,1
DA:87,49
DA:88,26
DA:89,26
DA:90,26
DA:91,49
DA:92,28
DA:93,28
DA:94,34
DA:95,2
DA:96,2
DA:97,2
DA:98,2
DA:99,2
DA:100,32
DA:101,32
DA:102,32
DA:103,32
DA:104,32
DA:105,32
DA:106,32
DA:107,32
DA:108,32
DA:109,32
DA:110,32
DA:111,21
DA:112,21
DA:113,32
DA:114,34
DA:115,28
DA:116,28
DA:117,15
DA:118,15
DA:119,15
DA:120,15
DA:121,15
DA:122,7
DA:123,7
DA:124,7
DA:125,7
DA:126,7
DA:127,7
DA:128,6
DA:129,6
DA:130,7
DA:131,7
DA:132,7
DA:133,15
DA:134,4
DA:135,4
DA:136,4
DA:137,4
DA:138,4
DA:139,4
DA:140,4
DA:141,4
DA:142,4
DA:143,4
DA:144,4
DA:145,15
DA:146,28
DA:147,28
DA:148,45
DA:149,44
DA:150,44
DA:151,44
DA:152,44
DA:153,44
DA:154,44
DA:155,44
DA:156,44
DA:157,44
DA:158,45
DA:159,45
DA:160,45
DA:161,45
DA:162,45
DA:163,45
DA:164,45
DA:165,45
DA:166,45
DA:167,17
DA:168,45
DA:169,1
DA:170,1
DA:171,16
DA:172,45
DA:173,0
DA:174,0
DA:175,16
DA:176,16
DA:177,16
DA:178,16
DA:179,16
DA:180,45
DA:181,30
DA:182,30
DA:183,15
DA:184,15
DA:185,7
DA:186,7
DA:187,15
DA:188,15
DA:189,14
DA:190,14
DA:191,14
DA:192,30
DA:193,30
DA:194,30
DA:195,30
DA:196,15
DA:197,30
DA:198,15
DA:199,15
DA:200,15
DA:201,30
DA:202,0
DA:203,0
DA:204,30
DA:205,14
DA:206,45
DA:207,27
DA:208,27
DA:209,27
DA:210,27
DA:211,27
DA:212,45
DA:213,28
DA:214,28
DA:215,28
DA:216,28
DA:217,28
DA:218,28
DA:219,28
DA:220,28
DA:221,28
DA:222,28
DA:223,28
DA:224,28
DA:225,28
DA:226,28
DA:227,28
DA:228,28
LF:228
LH:224
BRDA:47,0,0,28
BRDA:62,1,0,4
BRDA:63,2,0,3
BRDA:64,3,0,3
BRDA:71,4,0,1
BRDA:82,5,0,49
BRDA:83,6,0,1
BRDA:87,7,0,26
BRDA:93,8,0,34
BRDA:94,9,0,2
BRDA:99,10,0,32
BRDA:110,11,0,21
BRDA:116,12,0,15
BRDA:121,13,0,7
BRDA:121,14,0,7
BRDA:127,15,0,6
BRDA:133,16,0,8
BRDA:133,17,0,4
BRDA:142,18,0,0
BRDA:125,19,0,1
BRDA:147,20,0,45
BRDA:148,21,0,1
BRDA:148,22,0,44
BRDA:166,23,0,17
BRDA:168,24,0,1
BRDA:170,25,0,16
BRDA:172,26,0,0
BRDA:174,27,0,16
BRDA:180,28,0,30
BRDA:181,29,0,29
BRDA:182,30,0,15
BRDA:184,31,0,11
BRDA:184,32,0,7
BRDA:188,33,0,14
BRDA:192,34,0,0
BRDA:195,35,0,15
BRDA:197,36,0,0
BRDA:197,37,0,15
BRDA:201,38,0,0
BRDA:204,39,0,14
BRDA:206,40,0,27
BRDA:207,41,0,0
BRF:42
BRH:36
end_of_record
TN:
SF:src\composables\useOutlineEditor.ts
FN:52,useOutlineEditor
FN:67,setOutline
FN:73,generateOutline
FN:149,confirmRegenerate
FN:154,cancelRegenerate
FN:160,addChildNode
FN:164,walk
FN:180,deleteNode
FN:184,editNode
FN:192,togglePlaceholder
FN:202,moveUp
FN:206,moveDown
FN:210,openConfirmDialog
FN:214,closeConfirmDialog
FNF:14
FNH:13
FNDA:22,useOutlineEditor
FNDA:12,setOutline
FNDA:4,generateOutline
FNDA:0,confirmRegenerate
FNDA:1,cancelRegenerate
FNDA:2,addChildNode
FNDA:3,walk
FNDA:1,deleteNode
FNDA:2,editNode
FNDA:3,togglePlaceholder
FNDA:1,moveUp
FNDA:1,moveDown
FNDA:2,openConfirmDialog
FNDA:1,closeConfirmDialog
DA:1,1
DA:2,1
DA:3,1
DA:4,1
DA:5,1
DA:6,1
DA:7,1
DA:8,1
DA:9,1
DA:10,1
DA:11,1
DA:12,1
DA:13,1
DA:14,1
DA:15,1
DA:16,1
DA:17,1
DA:18,1
DA:19,1
DA:20,1
DA:21,1
DA:22,1
DA:23,1
DA:24,1
DA:25,1
DA:26,1
DA:27,1
DA:28,1
DA:29,1
DA:30,1
DA:31,1
DA:32,1
DA:33,1
DA:34,1
DA:35,1
DA:36,1
DA:37,1
DA:38,1
DA:39,1
DA:40,1
DA:41,1
DA:42,1
DA:43,1
DA:44,1
DA:45,1
DA:46,1
DA:47,1
DA:48,1
DA:49,1
DA:50,1
DA:51,1
DA:52,1
DA:53,22
DA:54,22
DA:55,22
DA:56,22
DA:57,22
DA:58,22
DA:59,22
DA:60,22
DA:61,22
DA:62,22
DA:63,22
DA:64,1
DA:65,22
DA:66,22
DA:67,22
DA:68,12
DA:69,12
DA:70,22
DA:71,22
DA:72,22
DA:73,22
DA:74,4
DA:75,3
DA:76,3
DA:77,3
DA:78,3
DA:79,3
DA:80,3
DA:81,3
DA:82,3
DA:83,3
DA:84,3
DA:85,3
DA:86,4
DA:87,4
DA:88,4
DA:89,3
DA:90,4
DA:91,1
DA:92,1
DA:93,2
DA:94,4
DA:95,4
DA:96,4
DA:97,4
DA:98,2
DA:99,2
DA:100,2
DA:101,2
DA:102,2
DA:103,1
DA:104,1
DA:105,1
DA:106,1
DA:107,2
DA:108,2
DA:109,2
DA:110,1
DA:111,1
DA:112,1
DA:113,0
DA:114,0
DA:115,0
DA:116,0
DA:117,0
DA:118,0
DA:119,0
DA:120,0
DA:121,0
DA:122,0
DA:123,1
DA:124,1
DA:125,1
DA:126,1
DA:127,1
DA:128,1
DA:129,1
DA:130,0
DA:131,0
DA:132,0
DA:133,1
DA:134,0
DA:135,0
DA:136,1
DA:137,1
DA:138,0
DA:139,1
DA:140,1
DA:141,1
DA:142,1
DA:143,1
DA:144,1
DA:145,4
DA:146,22
DA:147,22
DA:148,22
DA:149,22
DA:150,0
DA:151,0
DA:152,0
DA:153,22
DA:154,22
DA:155,1
DA:156,1
DA:157,22
DA:158,22
DA:159,22
DA:160,22
DA:161,2
DA:162,1
DA:163,1
DA:164,1
DA:165,3
DA:166,3
DA:167,3
DA:168,3
DA:169,2
DA:170,3
DA:171,1
DA:172,1
DA:173,1
DA:174,1
DA:175,2
DA:176,2
DA:177,2
DA:178,2
DA:179,22
DA:180,22
DA:181,1
DA:182,1
DA:183,22
DA:184,22
DA:185,2
DA:186,2
DA:187,2
DA:188,2
DA:189,2
DA:190,2
DA:191,22
DA:192,22
DA:193,3
DA:194,3
DA:195,3
DA:196,3
DA:197,1
DA:198,2
DA:199,3
DA:200,3
DA:201,22
DA:202,22
DA:203,1
DA:204,1
DA:205,22
DA:206,22
DA:207,1
DA:208,1
DA:209,22
DA:210,22
DA:211,2
DA:212,2
DA:213,22
DA:214,22
DA:215,1
DA:216,1
DA:217,22
DA:218,22
DA:219,22
DA:220,22
DA:221,22
DA:222,22
DA:223,22
DA:224,22
DA:225,22
DA:226,22
DA:227,22
DA:228,22
DA:229,22
DA:230,22
DA:231,22
DA:232,22
DA:233,22
DA:234,22
DA:235,22
DA:236,22
DA:237,22
DA:238,22
DA:239,22
DA:240,22
LF:240
LH:221
BRDA:52,0,0,22
BRDA:62,1,0,3
BRDA:63,2,0,1
BRDA:67,3,0,12
BRDA:73,4,0,4
BRDA:74,5,0,1
BRDA:74,6,0,3
BRDA:88,7,0,3
BRDA:90,8,0,1
BRDA:92,9,0,2
BRDA:97,10,0,0
BRDA:97,11,0,2
BRDA:102,12,0,1
BRDA:107,13,0,0
BRDA:109,14,0,1
BRDA:112,15,0,0
BRDA:129,16,0,0
BRDA:133,17,0,0
BRDA:137,18,0,0
BRDA:138,19,0,1
BRDA:154,20,0,1
BRDA:160,21,0,2
BRDA:161,22,0,1
BRDA:173,23,0,1
BRDA:175,24,0,1
BRDA:175,25,0,1
BRDA:162,26,0,1
BRDA:164,27,0,3
BRDA:166,28,0,1
BRDA:166,29,0,2
BRDA:167,30,0,0
BRDA:168,31,0,2
BRDA:180,32,0,1
BRDA:184,33,0,2
BRDA:187,34,0,1
BRDA:187,35,0,1
BRDA:192,36,0,3
BRDA:194,37,0,0
BRDA:195,38,0,0
BRDA:196,39,0,1
BRDA:197,40,0,2
BRDA:197,41,0,1
BRDA:202,42,0,1
BRDA:206,43,0,1
BRDA:210,44,0,2
BRDA:214,45,0,1
BRF:46
BRH:37
end_of_record
TN:
SF:src\composables\usePayment.ts
FN:9,isWechatBrowser
FN:29,invokeWechatJsapi
FN:85,usePayment
FN:101,stopPolling
FN:108,startPolling
FN:141,startPayment
FN:182,retryPayment
FNF:7
FNH:7
FNDA:9,isWechatBrowser
FNDA:5,invokeWechatJsapi
FNDA:11,usePayment
FNDA:17,stopPolling
FNDA:7,startPolling
FNDA:10,startPayment
FNDA:1,retryPayment
DA:1,1
DA:2,1
DA:3,1
DA:4,1
DA:5,1
DA:6,1
DA:7,1
DA:8,1
DA:9,1
DA:10,9
DA:11,9
DA:12,1
DA:13,1
DA:14,1
DA:15,1
DA:16,1
DA:17,1
DA:18,1
DA:19,1
DA:20,1
DA:21,1
DA:22,1
DA:23,1
DA:24,1
DA:25,1
DA:26,1
DA:27,1
DA:28,1
DA:29,1
DA:30,5
DA:31,5
DA:32,5
DA:33,1
DA:34,1
DA:35,1
DA:36,4
DA:37,4
DA:38,4
DA:39,4
DA:40,4
DA:41,4
DA:42,4
DA:43,4
DA:44,4
DA:45,4
DA:46,4
DA:47,4
DA:48,2
DA:49,2
DA:50,1
DA:51,1
DA:52,1
DA:53,1
DA:54,4
DA:55,4
DA:56,5
DA:57,5
DA:58,1
DA:59,1
DA:60,1
DA:61,1
DA:62,1
DA:63,1
DA:64,1
DA:65,1
DA:66,1
DA:67,1
DA:68,1
DA:69,1
DA:70,1
DA:71,1
DA:72,1
DA:73,1
DA:74,1
DA:75,1
DA:76,1
DA:77,1
DA:78,1
DA:79,1
DA:80,1
DA:81,1
DA:82,1
DA:83,1
DA:84,1
DA:85,1
DA:86,11
DA:87,11
DA:88,11
DA:89,11
DA:90,11
DA:91,11
DA:92,11
DA:93,11
DA:94,11
DA:95,11
DA:96,11
DA:97,11
DA:98,11
DA:99,11
DA:100,11
DA:101,11
DA:102,17
DA:103,6
DA:104,6
DA:105,6
DA:106,17
DA:107,11
DA:108,11
DA:109,7
DA:110,7
DA:111,7
DA:112,7
DA:113,7
DA:114,5
DA:115,5
DA:116,0
DA:117,0
DA:118,0
DA:119,0
DA:120,0
DA:121,0
DA:122,5
DA:123,5
DA:124,5
DA:125,3
DA:126,3
DA:127,2
DA:128,2
DA:129,3
DA:130,1
DA:131,1
DA:132,1
DA:133,1
DA:134,3
DA:135,5
DA:136,0
DA:137,0
DA:138,7
DA:139,7
DA:140,11
DA:141,11
DA:142,10
DA:143,1
DA:144,1
DA:145,1
DA:146,9
DA:147,9
DA:148,9
DA:149,9
DA:150,10
DA:151,10
DA:152,7
DA:153,7
DA:154,7
DA:155,7
DA:156,10
DA:157,1
DA:158,1
DA:159,1
DA:160,1
DA:161,1
DA:162,1
DA:163,1
DA:164,1
DA:165,0
DA:166,0
DA:167,0
DA:168,0
DA:169,10
DA:170,6
DA:171,6
DA:172,6
DA:173,6
DA:174,6
DA:175,10
DA:176,2
DA:177,2
DA:178,2
DA:179,2
DA:180,10
DA:181,11
DA:182,11
DA:183,1
DA:184,1
DA:185,1
DA:186,1
DA:187,1
DA:188,11
DA:189,11
DA:190,11
DA:191,11
DA:192,11
DA:193,11
DA:194,11
DA:195,11
DA:196,11
DA:197,11
DA:198,11
DA:199,11
DA:200,11
LF:200
LH:188
BRDA:9,0,0,9
BRDA:29,1,0,5
BRDA:30,2,0,5
BRDA:32,3,0,1
BRDA:35,4,0,4
BRDA:46,5,0,4
BRDA:47,6,0,2
BRDA:49,7,0,1
BRDA:85,8,0,11
BRDA:98,9,0,2
BRDA:101,10,0,17
BRDA:102,11,0,6
BRDA:108,12,0,7
BRDA:113,13,0,5
BRDA:115,14,0,0
BRDA:124,15,0,3
BRDA:126,16,0,1
BRDA:126,17,0,2
BRDA:129,18,0,1
BRDA:135,19,0,0
BRDA:141,20,0,10
BRDA:142,21,0,1
BRDA:145,22,0,9
BRDA:150,23,0,0
BRDA:151,24,0,7
BRDA:156,25,0,1
BRDA:164,26,0,0
BRDA:169,27,0,6
BRDA:175,28,0,2
BRDA:177,29,0,0
BRDA:182,30,0,1
BRF:31
BRH:26
end_of_record
TN:
SF:src\composables\useReferences.ts
FN:37,useReferences
FN:50,addReference
FN:56,removeReference
FN:60,moveUp
FN:67,moveDown
FN:74,isAdded
FN:78,parseCitations
FN:87,addValidParsedRefs
FN:94,clearParseResult
FN:103,tryOpenConfirmDialog
FN:109,closeConfirmDialog
FNF:11
FNH:10
FNDA:29,useReferences
FNDA:58,addReference
FNDA:2,removeReference
FNDA:2,moveUp
FNDA:2,moveDown
FNDA:2,isAdded
FNDA:4,parseCitations
FNDA:2,addValidParsedRefs
FNDA:0,clearParseResult
FNDA:3,tryOpenConfirmDialog
FNDA:1,closeConfirmDialog
DA:1,1
DA:2,1
DA:3,1
DA:4,1
DA:5,1
DA:6,1
DA:7,1
DA:8,1
DA:9,1
DA:10,1
DA:11,1
DA:12,1
DA:13,1
DA:14,1
DA:15,1
DA:16,1
DA:17,1
DA:18,1
DA:19,1
DA:20,1
DA:21,1
DA:22,1
DA:23,1
DA:24,1
DA:25,1
DA:26,1
DA:27,1
DA:28,1
DA:29,1
DA:30,1
DA:31,1
DA:32,1
DA:33,1
DA:34,1
DA:35,1
DA:36,1
DA:37,1
DA:38,29
DA:39,29
DA:40,29
DA:41,29
DA:42,29
DA:43,29
DA:44,29
DA:45,29
DA:46,29
DA:47,29
DA:48,29
DA:49,29
DA:50,29
DA:51,58
DA:52,57
DA:53,57
DA:54,58
DA:55,29
DA:56,29
DA:57,2
DA:58,2
DA:59,29
DA:60,29
DA:61,2
DA:62,1
DA:63,1
DA:64,1
DA:65,2
DA:66,29
DA:67,29
DA:68,2
DA:69,1
DA:70,1
DA:71,1
DA:72,2
DA:73,29
DA:74,29
DA:75,2
DA:76,2
DA:77,29
DA:78,29
DA:79,4
DA:80,4
DA:81,1
DA:82,1
DA:83,1
DA:84,3
DA:85,4
DA:86,29
DA:87,29
DA:88,2
DA:89,1
DA:90,2
DA:91,1
DA:92,2
DA:93,29
DA:94,29
DA:95,0
DA:96,0
DA:97,0
DA:98,29
DA:99,29
DA:100,29
DA:101,29
DA:102,29
DA:103,29
DA:104,3
DA:105,2
DA:106,2
DA:107,3
DA:108,29
DA:109,29
DA:110,1
DA:111,1
DA:112,29
DA:113,29
DA:114,29
DA:115,29
DA:116,29
DA:117,29
DA:118,29
DA:119,29
DA:120,29
DA:121,29
DA:122,29
DA:123,29
DA:124,29
DA:125,29
DA:126,29
DA:127,29
DA:128,29
DA:129,29
DA:130,29
DA:131,29
DA:132,29
DA:133,29
LF:133
LH:130
BRDA:37,0,0,29
BRDA:45,1,0,13
BRDA:46,2,0,10
BRDA:47,3,0,6
BRDA:48,4,0,2
BRDA:48,5,0,1
BRDA:48,6,0,1
BRDA:50,7,0,58
BRDA:51,8,0,57
BRDA:51,9,0,181
BRDA:56,10,0,2
BRDA:57,11,0,2
BRDA:60,12,0,2
BRDA:61,13,0,1
BRDA:61,14,0,1
BRDA:67,15,0,2
BRDA:68,16,0,1
BRDA:74,17,0,2
BRDA:75,18,0,1
BRDA:78,19,0,4
BRDA:80,20,0,1
BRDA:83,21,0,3
BRDA:87,22,0,2
BRDA:88,23,0,1
BRDA:89,24,0,2
BRDA:103,25,0,3
BRDA:104,26,0,1
BRDA:104,27,0,2
BRDA:109,28,0,1
BRF:29
BRH:29
end_of_record
TN:
SF:src\composables\useRevision.ts
FN:21,createDebounce
FN:85,useRevision
FN:131,loadContent
FN:148,applyAiRevision
FN:233,runCitationCheck
FN:251,runPlagiarismCheck
FN:269,downloadPaper
FN:301,saveContent
FN:315,setupAutoSave
FNF:9
FNH:8
FNDA:2,createDebounce
FNDA:31,useRevision
FNDA:4,loadContent
FNDA:6,applyAiRevision
FNDA:6,runCitationCheck
FNDA:6,runPlagiarismCheck
FNDA:5,downloadPaper
FNDA:2,saveContent
FNDA:0,setupAutoSave
DA:1,1
DA:2,1
DA:3,1
DA:4,1
DA:5,1
DA:6,1
DA:7,1
DA:8,1
DA:9,1
DA:10,1
DA:11,1
DA:12,1
DA:13,1
DA:14,1
DA:15,1
DA:16,1
DA:17,1
DA:18,1
DA:19,1
DA:20,1
DA:21,1
DA:22,2
DA:23,2
DA:24,5
DA:25,5
DA:26,5
DA:27,2
DA:28,1
DA:29,1
DA:30,1
DA:31,1
DA:32,1
DA:33,1
DA:34,1
DA:35,1
DA:36,1
DA:37,1
DA:38,1
DA:39,1
DA:40,1
DA:41,1
DA:42,1
DA:43,1
DA:44,1
DA:45,1
DA:46,1
DA:47,1
DA:48,1
DA:49,1
DA:50,1
DA:51,1
DA:52,1
DA:53,1
DA:54,1
DA:55,1
DA:56,1
DA:57,1
DA:58,1
DA:59,1
DA:60,1
DA:61,1
DA:62,1
DA:63,1
DA:64,1
DA:65,1
DA:66,1
DA:67,1
DA:68,1
DA:69,1
DA:70,1
DA:71,1
DA:72,1
DA:73,1
DA:74,1
DA:75,1
DA:76,1
DA:77,1
DA:78,1
DA:79,1
DA:80,1
DA:81,1
DA:82,1
DA:83,1
DA:84,1
DA:85,1
DA:86,31
DA:87,31
DA:88,31
DA:89,31
DA:90,31
DA:91,31
DA:92,31
DA:93,31
DA:94,31
DA:95,31
DA:96,31
DA:97,31
DA:98,31
DA:99,31
DA:100,31
DA:101,31
DA:102,31
DA:103,31
DA:104,31
DA:105,31
DA:106,31
DA:107,31
DA:108,31
DA:109,31
DA:110,31
DA:111,31
DA:112,31
DA:113,31
DA:114,31
DA:115,31
DA:116,31
DA:117,31
DA:118,31
DA:119,31
DA:120,31
DA:121,31
DA:122,31
DA:123,31
DA:124,31
DA:125,31
DA:126,31
DA:127,31
DA:128,31
DA:129,31
DA:130,31
DA:131,31
DA:132,4
DA:133,3
DA:134,3
DA:135,3
DA:136,3
DA:137,2
DA:138,2
DA:139,4
DA:140,1
DA:141,4
DA:142,3
DA:143,3
DA:144,4
DA:145,31
DA:146,31
DA:147,31
DA:148,31
DA:149,6
DA:150,6
DA:151,5
DA:152,5
DA:153,5
DA:154,5
DA:155,5
DA:156,5
DA:157,5
DA:158,6
DA:159,6
DA:160,6
DA:161,6
DA:162,6
DA:163,6
DA:164,6
DA:165,6
DA:166,6
DA:167,6
DA:168,6
DA:169,6
DA:170,4
DA:171,6
DA:172,1
DA:173,1
DA:174,3
DA:175,6
DA:176,3
DA:177,3
DA:178,3
DA:179,3
DA:180,3
DA:181,3
DA:182,3
DA:183,3
DA:184,3
DA:185,3
DA:186,3
DA:187,3
DA:188,3
DA:189,3
DA:190,3
DA:191,9
DA:192,6
DA:193,9
DA:194,2
DA:195,2
DA:196,2
DA:197,2
DA:198,2
DA:199,2
DA:200,2
DA:201,2
DA:202,2
DA:203,2
DA:204,4
DA:205,4
DA:206,4
DA:207,4
DA:208,4
DA:209,9
DA:210,1
DA:211,1
DA:212,1
DA:213,1
DA:214,1
DA:215,1
DA:216,1
DA:217,1
DA:218,1
DA:219,9
DA:220,0
DA:221,0
DA:222,9
DA:223,0
DA:224,6
DA:225,2
DA:226,6
DA:227,5
DA:228,5
DA:229,6
DA:230,31
DA:231,31
DA:232,31
DA:233,31
DA:234,6
DA:235,6
DA:236,6
DA:237,6
DA:238,6
DA:239,6
DA:240,6
DA:241,5
DA:242,6
DA:243,1
DA:244,6
DA:245,6
DA:246,6
DA:247,6
DA:248,31
DA:249,31
DA:250,31
DA:251,31
DA:252,6
DA:253,6
DA:254,6
DA:255,6
DA:256,6
DA:257,6
DA:258,6
DA:259,5
DA:260,6
DA:261,1
DA:262,6
DA:263,6
DA:264,6
DA:265,6
DA:266,31
DA:267,31
DA:268,31
DA:269,31
DA:270,5
DA:271,5
DA:272,5
DA:273,5
DA:274,3
DA:275,3
DA:276,3
DA:277,3
DA:278,3
DA:279,3
DA:280,2
DA:281,2
DA:282,2
DA:283,2
DA:284,2
DA:285,2
DA:286,2
DA:287,1
DA:288,1
DA:289,1
DA:290,1
DA:291,1
DA:292,1
DA:293,1
DA:294,5
DA:295,2
DA:296,2
DA:297,5
DA:298,31
DA:299,31
DA:300,31
DA:301,31
DA:302,2
DA:303,2
DA:304,2
DA:305,2
DA:306,2
DA:307,2
DA:308,2
DA:309,2
DA:310,2
DA:311,2
DA:312,31
DA:313,31
DA:314,31
DA:315,31
DA:316,0
DA:317,0
DA:318,0
DA:319,0
DA:320,0
DA:321,0
DA:322,0
DA:323,0
DA:324,0
DA:325,0
DA:326,0
DA:327,0
DA:328,0
DA:329,0
DA:330,31
DA:331,31
DA:332,31
DA:333,31
DA:334,31
DA:335,31
DA:336,31
DA:337,31
DA:338,31
DA:339,31
DA:340,31
DA:341,31
DA:342,31
DA:343,31
DA:344,31
DA:345,31
DA:346,31
DA:347,31
DA:348,31
DA:349,31
DA:350,31
DA:351,31
DA:352,31
DA:353,31
DA:354,31
DA:355,31
DA:356,31
DA:357,31
DA:358,31
DA:359,31
DA:360,31
LF:360
LH:343
BRDA:21,0,0,2
BRDA:23,1,0,5
BRDA:24,2,0,3
BRDA:85,3,0,31
BRDA:101,4,0,11
BRDA:103,5,0,8
BRDA:103,6,0,6
BRDA:110,7,0,7
BRDA:117,8,0,7
BRDA:131,9,0,4
BRDA:132,10,0,1
BRDA:132,11,0,3
BRDA:136,12,0,2
BRDA:139,13,0,1
BRDA:140,14,0,0
BRDA:141,15,0,3
BRDA:148,16,0,6
BRDA:149,17,0,0
BRDA:150,18,0,1
BRDA:150,19,0,5
BRDA:158,20,0,0
BRDA:160,21,0,5
BRDA:169,22,0,4
BRDA:171,23,0,1
BRDA:173,24,0,3
BRDA:175,25,0,0
BRDA:175,26,0,3
BRDA:184,27,0,0
BRDA:188,28,0,0
BRDA:190,29,0,9
BRDA:191,30,0,3
BRDA:191,31,0,6
BRDA:193,32,0,2
BRDA:203,33,0,4
BRDA:209,34,0,1
BRDA:219,35,0,0
BRDA:222,36,0,0
BRDA:224,37,0,2
BRDA:225,38,0,0
BRDA:226,39,0,5
BRDA:233,40,0,6
BRDA:234,41,0,0
BRDA:240,42,0,5
BRDA:242,43,0,1
BRDA:243,44,0,0
BRDA:251,45,0,6
BRDA:252,46,0,0
BRDA:258,47,0,5
BRDA:260,48,0,1
BRDA:261,49,0,0
BRDA:269,50,0,5
BRDA:270,51,0,0
BRDA:273,52,0,3
BRDA:273,53,0,3
BRDA:275,54,0,2
BRDA:276,55,0,2
BRDA:279,56,0,2
BRDA:286,57,0,1
BRDA:293,58,0,0
BRDA:294,59,0,2
BRDA:301,60,0,2
BRDA:302,61,0,0
BRF:62
BRH:46
end_of_record
TN:
SF:src\router\guards.ts
FN:11,authGuard
FNF:1
FNH:1
FNDA:10,authGuard
DA:1,1
DA:2,1
DA:3,1
DA:4,1
DA:5,1
DA:6,1
DA:7,1
DA:8,1
DA:9,1
DA:10,1
DA:11,1
DA:12,10
DA:13,10
DA:14,10
DA:15,10
DA:16,10
DA:17,10
DA:18,10
DA:19,2
DA:20,2
DA:21,8
DA:22,8
DA:23,10
DA:24,2
DA:25,2
DA:26,6
DA:27,6
DA:28,6
DA:29,6
DA:30,5
DA:31,3
DA:32,2
DA:33,10
DA:34,2
DA:35,2
DA:36,4
DA:37,4
DA:38,4
LF:38
LH:38
BRDA:11,0,0,10
BRDA:18,1,0,7
BRDA:18,2,0,2
BRDA:20,3,0,8
BRDA:23,4,0,3
BRDA:23,5,0,2
BRDA:25,6,0,6
BRDA:29,7,0,5
BRDA:30,8,0,3
BRDA:31,9,0,2
BRDA:33,10,0,2
BRDA:35,11,0,4
BRF:12
BRH:12
end_of_record
TN:
SF:src\router\index.ts
FN:1,(empty-report)
FNF:1
FNH:0
FNDA:0,(empty-report)
DA:1,0
DA:2,0
DA:3,0
DA:4,0
DA:5,0
DA:6,0
DA:7,0
DA:8,0
DA:9,0
DA:10,0
DA:11,0
DA:12,0
DA:13,0
DA:14,0
DA:15,0
DA:16,0
DA:17,0
DA:18,0
DA:19,0
DA:20,0
DA:21,0
DA:22,0
DA:23,0
DA:24,0
DA:25,0
DA:26,0
DA:27,0
DA:28,0
DA:29,0
DA:30,0
DA:31,0
DA:32,0
DA:33,0
DA:34,0
DA:35,0
DA:36,0
DA:37,0
DA:38,0
DA:39,0
DA:40,0
DA:41,0
DA:42,0
DA:43,0
DA:44,0
DA:45,0
DA:46,0
DA:47,0
DA:48,0
DA:49,0
DA:50,0
DA:51,0
DA:52,0
DA:53,0
DA:54,0
DA:55,0
DA:56,0
DA:57,0
DA:58,0
DA:59,0
LF:59
LH:0
BRDA:1,0,0,0
BRF:1
BRH:0
end_of_record
TN:
SF:src\stores\auth.ts
FN:20,__vite_ssr_import_0__.defineStore.persist.key
FN:29,_applyToken
FN:34,loginWithWechat
FN:40,completeOnboarding
FN:47,updateProfile
FN:52,logout
FN:58,restoreToken
FN:80,afterHydrate
FNF:8
FNH:7
FNDA:16,__vite_ssr_import_0__.defineStore.persist.key
FNDA:8,_applyToken
FNDA:9,loginWithWechat
FNDA:2,completeOnboarding
FNDA:1,updateProfile
FNDA:2,logout
FNDA:2,restoreToken
FNDA:0,afterHydrate
DA:1,1
DA:2,1
DA:3,1
DA:4,1
DA:5,1
DA:6,1
DA:7,1
DA:8,1
DA:9,1
DA:10,1
DA:11,1
DA:12,1
DA:13,1
DA:14,1
DA:15,1
DA:16,1
DA:17,1
DA:18,1
DA:19,1
DA:20,1
DA:21,16
DA:22,16
DA:23,16
DA:24,16
DA:25,16
DA:26,16
DA:27,16
DA:28,16
DA:29,16
DA:30,8
DA:31,8
DA:32,8
DA:33,16
DA:34,16
DA:35,9
DA:36,8
DA:37,8
DA:38,9
DA:39,16
DA:40,16
DA:41,2
DA:42,2
DA:43,1
DA:44,1
DA:45,2
DA:46,16
DA:47,16
DA:48,1
DA:49,1
DA:50,1
DA:51,16
DA:52,16
DA:53,2
DA:54,2
DA:55,2
DA:56,2
DA:57,16
DA:58,16
DA:59,2
DA:60,1
DA:61,1
DA:62,2
DA:63,16
DA:64,16
DA:65,16
DA:66,16
DA:67,16
DA:68,16
DA:69,16
DA:70,16
DA:71,16
DA:72,16
DA:73,16
DA:74,16
DA:75,16
DA:76,1
DA:77,1
DA:78,1
DA:79,1
DA:80,1
DA:81,0
DA:82,0
DA:83,1
DA:84,1
DA:85,1
LF:85
LH:83
BRDA:20,0,0,16
BRDA:24,1,0,7
BRDA:26,2,0,3
BRDA:26,3,0,2
BRDA:29,4,0,8
BRDA:34,5,0,9
BRDA:35,6,0,8
BRDA:40,7,0,2
BRDA:42,8,0,1
BRDA:47,9,0,1
BRDA:52,10,0,2
BRDA:58,11,0,2
BRDA:59,12,0,1
BRF:13
BRH:13
end_of_record
TN:
SF:src\stores\order.ts
FN:13,createOrder
FN:27,getOrder
FN:33,loadOrders
FN:43,reset
FN:68,isTerminalStatus
FNF:5
FNH:5
FNDA:14,createOrder
FNDA:6,getOrder
FNDA:1,loadOrders
FNDA:1,reset
FNDA:9,isTerminalStatus
DA:1,1
DA:2,1
DA:3,1
DA:4,1
DA:5,1
DA:6,1
DA:7,1
DA:8,19
DA:9,19
DA:10,19
DA:11,19
DA:12,19
DA:13,19
DA:14,14
DA:15,14
DA:16,14
DA:17,14
DA:18,14
DA:19,14
DA:20,11
DA:21,11
DA:22,14
DA:23,14
DA:24,14
DA:25,14
DA:26,19
DA:27,19
DA:28,6
DA:29,6
DA:30,6
DA:31,6
DA:32,19
DA:33,19
DA:34,1
DA:35,1
DA:36,1
DA:37,1
DA:38,1
DA:39,1
DA:40,1
DA:41,1
DA:42,19
DA:43,19
DA:44,1
DA:45,1
DA:46,1
DA:47,19
DA:48,19
DA:49,19
DA:50,19
DA:51,19
DA:52,19
DA:53,19
DA:54,19
DA:55,19
DA:56,19
DA:57,19
DA:58,19
DA:59,1
DA:60,1
DA:61,1
DA:62,1
DA:63,1
DA:64,1
DA:65,1
DA:66,1
DA:67,1
DA:68,1
DA:69,9
DA:70,9
LF:70
LH:70
BRDA:7,0,0,19
BRDA:13,1,0,14
BRDA:19,2,0,11
BRDA:27,3,0,6
BRDA:33,4,0,1
BRDA:43,5,0,1
BRDA:68,6,0,9
BRF:7
BRH:7
end_of_record
TN:
SF:src\stores\wizard.ts
FN:19,loadDrafts
FN:29,createDraft
FN:41,selectDraft
FN:45,ensureCurrentDraft
FN:58,saveStep1
FN:68,saveStep2
FN:78,saveStep3
FN:88,deleteDraft
FN:96,reset
FNF:9
FNH:7
FNDA:5,loadDrafts
FNDA:2,createDraft
FNDA:1,selectDraft
FNDA:4,ensureCurrentDraft
FNDA:4,saveStep1
FNDA:0,saveStep2
FNDA:0,saveStep3
FNDA:2,deleteDraft
FNDA:1,reset
DA:1,1
DA:2,1
DA:3,1
DA:4,1
DA:5,1
DA:6,1
DA:7,16
DA:8,16
DA:9,16
DA:10,16
DA:11,16
DA:12,16
DA:13,16
DA:14,16
DA:15,16
DA:16,16
DA:17,16
DA:18,16
DA:19,16
DA:20,5
DA:21,5
DA:22,5
DA:23,5
DA:24,5
DA:25,5
DA:26,5
DA:27,5
DA:28,16
DA:29,16
DA:30,2
DA:31,2
DA:32,2
DA:33,2
DA:34,2
DA:35,2
DA:36,2
DA:37,2
DA:38,2
DA:39,2
DA:40,16
DA:41,16
DA:42,1
DA:43,1
DA:44,16
DA:45,16
DA:46,4
DA:47,4
DA:48,1
DA:49,1
DA:50,4
DA:51,1
DA:52,1
DA:53,1
DA:54,1
DA:55,1
DA:56,4
DA:57,16
DA:58,16
DA:59,4
DA:60,4
DA:61,4
DA:62,4
DA:63,4
DA:64,4
DA:65,4
DA:66,4
DA:67,16
DA:68,16
DA:69,0
DA:70,0
DA:71,0
DA:72,0
DA:73,0
DA:74,0
DA:75,0
DA:76,0
DA:77,16
DA:78,16
DA:79,0
DA:80,0
DA:81,0
DA:82,0
DA:83,0
DA:84,0
DA:85,0
DA:86,0
DA:87,16
DA:88,16
DA:89,2
DA:90,2
DA:91,2
DA:92,1
DA:93,1
DA:94,2
DA:95,16
DA:96,16
DA:97,1
DA:98,1
DA:99,1
DA:100,16
DA:101,16
DA:102,16
DA:103,16
DA:104,16
DA:105,16
DA:106,16
DA:107,16
DA:108,16
DA:109,16
DA:110,16
DA:111,16
DA:112,16
DA:113,16
DA:114,16
DA:115,16
DA:116,16
DA:117,16
DA:118,16
DA:119,16
LF:119
LH:103
BRDA:6,0,0,16
BRDA:12,1,0,4
BRDA:12,2,0,2
BRDA:12,3,0,2
BRDA:15,4,0,2
BRDA:15,5,0,1
BRDA:15,6,0,1
BRDA:19,7,0,5
BRDA:29,8,0,2
BRDA:41,9,0,1
BRDA:45,10,0,4
BRDA:46,11,0,2
BRDA:47,12,0,1
BRDA:49,13,0,2
BRDA:50,14,0,1
BRDA:58,15,0,4
BRDA:61,16,0,4
BRDA:88,17,0,2
BRDA:91,18,0,1
BRDA:92,19,0,0
BRDA:90,20,0,3
BRDA:96,21,0,1
BRF:22
BRH:21
end_of_record
TN:
SF:src\types\order.ts
FNF:0
FNH:0
DA:1,1
DA:2,1
DA:3,1
DA:4,1
DA:5,1
DA:6,1
DA:7,1
DA:8,1
DA:9,1
DA:10,1
DA:11,1
DA:12,1
DA:13,1
DA:14,1
DA:15,1
DA:16,1
DA:17,1
DA:18,1
DA:19,1
DA:20,1
DA:21,1
DA:22,1
DA:23,1
DA:24,1
DA:25,1
DA:26,1
DA:27,1
DA:28,1
DA:29,1
DA:30,1
DA:31,1
DA:32,1
DA:33,1
DA:34,1
DA:35,1
DA:36,1
DA:37,1
DA:38,1
DA:39,1
DA:40,1
DA:41,1
DA:42,1
DA:43,1
DA:44,1
DA:45,1
DA:46,1
DA:47,1
DA:48,1
DA:49,1
DA:50,1
DA:51,1
DA:52,1
DA:53,1
DA:54,1
DA:55,1
DA:56,1
DA:57,1
DA:58,1
DA:59,1
DA:60,1
DA:61,1
DA:62,1
DA:63,1
DA:64,1
DA:65,1
DA:66,1
DA:67,1
DA:68,1
DA:69,1
DA:70,1
DA:71,1
DA:72,1
DA:73,1
DA:74,1
DA:75,1
DA:76,1
DA:77,1
DA:78,1
DA:79,1
DA:80,1
DA:81,1
DA:82,1
DA:83,1
DA:84,1
DA:85,1
DA:86,1
DA:87,1
DA:88,1
DA:89,1
LF:89
LH:89
BRDA:3,0,0,3
BRDA:10,1,0,3
BRF:2
BRH:2
end_of_record
TN:
SF:src\types\revision.ts
FNF:0
FNH:0
DA:1,1
DA:2,1
DA:3,1
DA:4,1
DA:5,1
DA:6,1
DA:7,1
DA:8,1
DA:9,1
DA:10,1
DA:11,1
DA:12,1
DA:13,1
DA:14,1
DA:15,1
DA:16,1
DA:17,1
DA:18,1
DA:19,1
DA:20,1
DA:21,1
DA:22,1
DA:23,1
DA:24,1
DA:25,1
DA:26,1
DA:27,1
DA:28,1
DA:29,1
DA:30,1
DA:31,1
DA:32,1
DA:33,1
DA:34,1
DA:35,1
DA:36,1
DA:37,1
DA:38,1
DA:39,1
DA:40,1
DA:41,1
DA:42,1
DA:43,1
DA:44,1
DA:45,1
DA:46,1
DA:47,1
DA:48,1
DA:49,1
DA:50,1
DA:51,1
DA:52,1
DA:53,1
DA:54,1
DA:55,1
DA:56,1
DA:57,1
DA:58,1
DA:59,1
DA:60,1
DA:61,1
DA:62,1
DA:63,1
DA:64,1
DA:65,1
DA:66,1
DA:67,1
DA:68,1
DA:69,1
DA:70,1
DA:71,1
DA:72,1
DA:73,1
DA:74,1
DA:75,1
DA:76,1
DA:77,1
DA:78,1
DA:79,1
DA:80,1
DA:81,1
DA:82,1
DA:83,1
DA:84,1
DA:85,1
DA:86,1
DA:87,1
DA:88,1
DA:89,1
LF:89
LH:89
BRDA:3,0,0,1
BRF:1
BRH:1
end_of_record
TN:
SF:src\types\wizard.ts
FNF:0
FNH:0
DA:1,1
DA:2,1
DA:3,1
DA:4,1
DA:5,1
DA:6,1
DA:7,1
DA:8,1
DA:9,1
DA:10,1
DA:11,1
DA:12,1
DA:13,1
DA:14,1
DA:15,1
DA:16,1
DA:17,1
DA:18,1
DA:19,1
DA:20,1
DA:21,1
DA:22,1
DA:23,1
DA:24,1
DA:25,1
DA:26,1
DA:27,1
DA:28,1
DA:29,1
DA:30,1
DA:31,1
DA:32,1
DA:33,1
DA:34,1
DA:35,1
DA:36,1
DA:37,1
DA:38,1
DA:39,1
DA:40,1
DA:41,1
DA:42,1
DA:43,1
DA:44,1
DA:45,1
DA:46,1
DA:47,1
DA:48,1
DA:49,1
DA:50,1
DA:51,1
DA:52,1
DA:53,1
DA:54,1
DA:55,1
DA:56,1
DA:57,1
DA:58,1
DA:59,1
DA:60,1
DA:61,1
DA:62,1
DA:63,1
DA:64,1
DA:65,1
DA:66,1
DA:67,1
DA:68,1
DA:69,1
DA:70,1
DA:71,1
DA:72,1
DA:73,1
DA:74,1
DA:75,1
DA:76,1
DA:77,1
DA:78,1
DA:79,1
DA:80,1
DA:81,1
DA:82,1
DA:83,1
DA:84,1
DA:85,1
DA:86,1
DA:87,1
DA:88,1
DA:89,1
DA:90,1
DA:91,1
DA:92,1
DA:93,1
DA:94,1
DA:95,1
DA:96,1
DA:97,1
DA:98,1
DA:99,1
DA:100,1
DA:101,1
DA:102,1
DA:103,1
DA:104,1
DA:105,1
DA:106,1
DA:107,1
DA:108,1
DA:109,1
DA:110,1
DA:111,1
DA:112,1
DA:113,1
DA:114,1
DA:115,1
DA:116,1
DA:117,1
DA:118,1
DA:119,1
DA:120,1
DA:121,1
DA:122,1
DA:123,1
DA:124,1
DA:125,1
DA:126,1
DA:127,1
DA:128,1
DA:129,1
DA:130,1
LF:130
LH:130
BRDA:3,0,0,4
BRDA:8,1,0,4
BRDA:30,2,0,4
BRF:3
BRH:3
end_of_record
TN:
SF:src\utils\citation-parser.ts
FN:35,generateId
FN:47,parseCitationLine
FN:110,parseCitationText
FN:141,getMinReferenceCount
FNF:4
FNH:4
FNDA:17,generateId
FNDA:26,parseCitationLine
FNDA:8,parseCitationText
FNDA:14,getMinReferenceCount
DA:1,1
DA:2,1
DA:3,1
DA:4,1
DA:5,1
DA:6,1
DA:7,1
DA:8,1
DA:9,1
DA:10,1
DA:11,1
DA:12,1
DA:13,1
DA:14,1
DA:15,1
DA:16,1
DA:17,1
DA:18,1
DA:19,1
DA:20,1
DA:21,1
DA:22,1
DA:23,1
DA:24,1
DA:25,1
DA:26,1
DA:27,1
DA:28,1
DA:29,1
DA:30,1
DA:31,1
DA:32,1
DA:33,1
DA:34,1
DA:35,17
DA:36,17
DA:37,17
DA:38,1
DA:39,1
DA:40,1
DA:41,1
DA:42,1
DA:43,1
DA:44,1
DA:45,1
DA:46,1
DA:47,1
DA:48,26
DA:49,26
DA:50,2
DA:51,2
DA:52,24
DA:53,24
DA:54,24
DA:55,24
DA:56,24
DA:57,24
DA:58,26
DA:59,26
DA:60,26
DA:61,26
DA:62,26
DA:63,6
DA:64,6
DA:65,18
DA:66,18
DA:67,18
DA:68,26
DA:69,0
DA:70,0
DA:71,18
DA:72,18
DA:73,18
DA:74,18
DA:75,18
DA:76,18
DA:77,26
DA:78,26
DA:79,26
DA:80,26
DA:81,1
DA:82,1
DA:83,17
DA:84,17
DA:85,17
DA:86,17
DA:87,17
DA:88,0
DA:89,26
DA:90,26
DA:91,26
DA:92,26
DA:93,26
DA:94,26
DA:95,26
DA:96,26
DA:97,26
DA:98,26
DA:99,26
DA:100,26
DA:101,26
DA:102,1
DA:103,1
DA:104,1
DA:105,1
DA:106,1
DA:107,1
DA:108,1
DA:109,1
DA:110,1
DA:111,8
DA:112,8
DA:113,8
DA:114,8
DA:115,8
DA:116,8
DA:117,8
DA:118,8
DA:119,8
DA:120,8
DA:121,8
DA:122,1
DA:123,1
DA:124,1
DA:125,1
DA:126,1
DA:127,1
DA:128,1
DA:129,1
DA:130,1
DA:131,1
DA:132,1
DA:133,1
DA:134,1
DA:135,1
DA:136,1
DA:137,1
DA:138,1
DA:139,1
DA:140,1
DA:141,1
DA:142,14
DA:143,14
LF:143
LH:140
BRDA:35,0,0,17
BRDA:47,1,0,26
BRDA:49,2,0,2
BRDA:51,3,0,24
BRDA:58,4,0,18
BRDA:58,5,0,6
BRDA:62,6,0,6
BRDA:64,7,0,18
BRDA:68,8,0,0
BRDA:70,9,0,18
BRDA:77,10,0,0
BRDA:80,11,0,1
BRDA:82,12,0,17
BRDA:87,13,0,0
BRDA:87,14,0,0
BRDA:73,15,0,24
BRDA:110,16,0,8
BRDA:113,17,0,16
BRDA:114,18,0,16
BRDA:117,19,0,13
BRDA:118,20,0,13
BRDA:141,21,0,14
BRDA:142,22,0,0
BRF:23
BRH:18
end_of_record
TN:
SF:src\utils\order-navigation.ts
FN:50,getOrderNavTarget
FN:68,isOrderNavigable
FN:79,formatOrderDate
FN:93,formatPrice
FNF:4
FNH:4
FNDA:5,getOrderNavTarget
FNDA:4,isOrderNavigable
FNDA:2,formatOrderDate
FNDA:4,formatPrice
DA:1,1
DA:2,1
DA:3,1
DA:4,1
DA:5,1
DA:6,1
DA:7,1
DA:8,1
DA:9,1
DA:10,1
DA:11,1
DA:12,1
DA:13,1
DA:14,1
DA:15,1
DA:16,1
DA:17,1
DA:18,1
DA:19,1
DA:20,1
DA:21,1
DA:22,1
DA:23,1
DA:24,1
DA:25,1
DA:26,1
DA:27,1
DA:28,1
DA:29,1
DA:30,1
DA:31,1
DA:32,1
DA:33,1
DA:34,1
DA:35,1
DA:36,1
DA:37,1
DA:38,1
DA:39,1
DA:40,1
DA:41,1
DA:42,1
DA:43,1
DA:44,1
DA:45,1
DA:46,1
DA:47,1
DA:48,1
DA:49,1
DA:50,1
DA:51,5
DA:52,5
DA:53,2
DA:54,5
DA:55,5
DA:56,1
DA:57,5
DA:58,5
DA:59,5
DA:60,5
DA:61,2
DA:62,5
DA:63,5
DA:64,1
DA:65,1
DA:66,1
DA:67,1
DA:68,1
DA:69,4
DA:70,4
DA:71,4
DA:72,4
DA:73,4
DA:74,4
DA:75,1
DA:76,1
DA:77,1
DA:78,1
DA:79,1
DA:80,2
DA:81,2
DA:82,2
DA:83,2
DA:84,2
DA:85,2
DA:86,2
DA:87,2
DA:88,2
DA:89,1
DA:90,1
DA:91,1
DA:92,1
DA:93,1
DA:94,4
DA:95,4
LF:95
LH:95
BRDA:50,0,0,5
BRDA:52,1,0,2
BRDA:55,2,0,1
BRDA:58,3,0,1
BRDA:59,4,0,2
BRDA:60,5,0,2
BRDA:68,6,0,4
BRDA:79,7,0,2
BRDA:93,8,0,4
BRF:9
BRH:9
end_of_record
TN:
SF:src\utils\outline-utils.ts
FN:25,walkOutline
FN:39,flattenOutline
FN:48,findNode
FN:67,cloneOutline
FN:74,addNode
FN:93,removeNode
FN:104,updateNode
FN:119,moveNodeUp
FN:131,moveNodeDown
FN:143,countPlaceholders
FN:159,estimateWordCount
FN:178,getOutlineStats
FN:193,validateOutlineLevels
FN:206,generateNodeId
FN:210,makeNode
FNF:15
FNH:15
FNDA:37,walkOutline
FNDA:4,flattenOutline
FNDA:72,findNode
FNDA:27,cloneOutline
FNDA:6,addNode
FNDA:5,removeNode
FNDA:8,updateNode
FNDA:4,moveNodeUp
FNDA:3,moveNodeDown
FNDA:6,countPlaceholders
FNDA:6,estimateWordCount
FNDA:1,getOutlineStats
FNDA:7,validateOutlineLevels
FNDA:5,generateNodeId
FNDA:5,makeNode
DA:1,1
DA:2,1
DA:3,1
DA:4,1
DA:5,1
DA:6,1
DA:7,1
DA:8,1
DA:9,1
DA:10,1
DA:11,1
DA:12,1
DA:13,1
DA:14,1
DA:15,1
DA:16,1
DA:17,1
DA:18,1
DA:19,1
DA:20,1
DA:21,1
DA:22,1
DA:23,1
DA:24,1
DA:25,1
DA:26,37
DA:27,37
DA:28,37
DA:29,37
DA:30,37
DA:31,66
DA:32,66
DA:33,19
DA:34,19
DA:35,37
DA:36,37
DA:37,1
DA:38,1
DA:39,1
DA:40,4
DA:41,4
DA:42,4
DA:43,4
DA:44,1
DA:45,1
DA:46,1
DA:47,1
DA:48,1
DA:49,72
DA:50,72
DA:51,72
DA:52,72
DA:53,70
DA:54,27
DA:55,27
DA:56,43
DA:57,70
DA:58,70
DA:59,41
DA:60,41
DA:61,1
DA:62,1
DA:63,1
DA:64,1
DA:65,1
DA:66,1
DA:67,1
DA:68,27
DA:69,27
DA:70,1
DA:71,1
DA:72,1
DA:73,1
DA:74,1
DA:75,6
DA:76,6
DA:77,6
DA:78,6
DA:79,6
DA:80,6
DA:81,3
DA:82,3
DA:83,3
DA:84,3
DA:85,3
DA:86,2
DA:87,2
DA:88,2
DA:89,1
DA:90,1
DA:91,1
DA:92,1
DA:93,1
DA:94,5
DA:95,5
DA:96,5
DA:97,5
DA:98,5
DA:99,5
DA:100,1
DA:101,1
DA:102,1
DA:103,1
DA:104,1
DA:105,8
DA:106,8
DA:107,8
DA:108,8
DA:109,8
DA:110,8
DA:111,8
DA:112,8
DA:113,8
DA:114,8
DA:115,1
DA:116,1
DA:117,1
DA:118,1
DA:119,1
DA:120,4
DA:121,4
DA:122,4
DA:123,3
DA:124,3
DA:125,3
DA:126,3
DA:127,1
DA:128,1
DA:129,1
DA:130,1
DA:131,1
DA:132,3
DA:133,3
DA:134,3
DA:135,2
DA:136,2
DA:137,2
DA:138,2
DA:139,1
DA:140,1
DA:141,1
DA:142,1
DA:143,1
DA:144,6
DA:145,6
DA:146,27
DA:147,5
DA:148,5
DA:149,5
DA:150,6
DA:151,6
DA:152,6
DA:153,1
DA:154,1
DA:155,1
DA:156,1
DA:157,1
DA:158,1
DA:159,1
DA:160,6
DA:161,6
DA:162,6
DA:163,6
DA:164,18
DA:165,2
DA:166,18
DA:167,12
DA:168,12
DA:169,6
DA:170,6
DA:171,6
DA:172,6
DA:173,6
DA:174,6
DA:175,6
DA:176,1
DA:177,1
DA:178,1
DA:179,1
DA:180,1
DA:181,1
DA:182,1
DA:183,1
DA:184,1
DA:185,1
DA:186,1
DA:187,1
DA:188,1
DA:189,1
DA:190,1
DA:191,1
DA:192,1
DA:193,1
DA:194,7
DA:195,9
DA:196,9
DA:197,9
DA:198,3
DA:199,3
DA:200,9
DA:201,4
DA:202,4
DA:203,1
DA:204,1
DA:205,1
DA:206,1
DA:207,5
DA:208,5
DA:209,1
DA:210,1
DA:211,5
DA:212,5
DA:213,5
DA:214,5
DA:215,5
DA:216,5
DA:217,5
DA:218,5
LF:218
LH:218
BRDA:25,0,0,37
BRDA:30,1,0,66
BRDA:32,2,0,19
BRDA:39,3,0,4
BRDA:41,4,0,15
BRDA:48,5,0,72
BRDA:52,6,0,70
BRDA:53,7,0,27
BRDA:55,8,0,43
BRDA:57,9,0,4
BRDA:58,10,0,41
BRDA:67,11,0,27
BRDA:74,12,0,6
BRDA:80,13,0,3
BRDA:85,14,0,1
BRDA:85,15,0,2
BRDA:93,16,0,5
BRDA:96,17,0,0
BRDA:104,18,0,8
BRDA:111,19,0,0
BRDA:119,20,0,4
BRDA:122,21,0,1
BRDA:122,22,0,3
BRDA:131,23,0,3
BRDA:134,24,0,2
BRDA:134,25,0,1
BRDA:143,26,0,6
BRDA:145,27,0,27
BRDA:146,28,0,0
BRDA:146,29,0,5
BRDA:159,30,0,6
BRDA:172,31,0,5
BRDA:172,32,0,1
BRDA:163,33,0,18
BRDA:164,34,0,2
BRDA:166,35,0,16
BRDA:166,36,0,12
BRDA:178,37,0,1
BRDA:193,38,0,7
BRDA:194,39,0,9
BRDA:195,40,0,2
BRDA:195,41,0,7
BRDA:196,42,0,0
BRDA:196,43,0,7
BRDA:197,44,0,3
BRDA:198,45,0,1
BRDA:200,46,0,4
BRDA:206,47,0,5
BRDA:210,48,0,5
BRF:49
BRH:45
end_of_record
TN:
SF:src\views\wizard\step1-validation.ts
FN:6,validateStep1Form
FN:31,isStep1Valid
FNF:2
FNH:2
FNDA:18,validateStep1Form
FNDA:3,isStep1Valid
DA:1,1
DA:2,1
DA:3,1
DA:4,1
DA:5,1
DA:6,1
DA:7,18
DA:8,18
DA:9,18
DA:10,4
DA:11,4
DA:12,18
DA:13,18
DA:14,3
DA:15,3
DA:16,18
DA:17,18
DA:18,2
DA:19,18
DA:20,2
DA:21,2
DA:22,18
DA:23,18
DA:24,18
DA:25,1
DA:26,1
DA:27,18
DA:28,18
DA:29,18
DA:30,1
DA:31,1
DA:32,3
DA:33,3
LF:33
LH:33
BRDA:6,0,0,18
BRDA:9,1,0,4
BRDA:13,2,0,3
BRDA:17,3,0,17
BRDA:17,4,0,2
BRDA:19,5,0,16
BRDA:19,6,0,2
BRDA:23,7,0,16
BRDA:24,8,0,1
BRDA:31,9,0,3
BRF:10
BRH:10
end_of_record
